#
# There is insufficient memory for the Java Runtime Environment to continue.
# Native memory allocation (mmap) failed to map 65536 bytes for Failed to commit metaspace.
# Possible reasons:
#   The system is out of physical RAM or swap space
#   The process is running with CompressedOops enabled, and the Java Heap may be blocking the growth of the native heap
# Possible solutions:
#   Reduce memory load on the system
#   Increase physical memory or swap space
#   Check if swap backing store is full
#   Decrease Java heap size (-Xmx/-Xms)
#   Decrease number of Java threads
#   Decrease Java thread stack sizes (-Xss)
#   Set larger code cache with -XX:ReservedCodeCacheSize=
#   JVM is running with Zero Based Compressed Oops mode in which the Java heap is
#     placed in the first 32GB address space. The Java Heap base address is the
#     maximum limit for the native heap growth. Please use -XX:HeapBaseMinAddress
#     to set the Java Heap base and to place the Java Heap above 32GB virtual address.
# This output file may be truncated or incomplete.
#
#  Out of Memory Error (virtualSpaceNode.cpp:110), pid=10884, tid=12640
#
# JRE version: Java(TM) SE Runtime Environment (17.0.10+11) (build 17.0.10+11-LTS-240)
# Java VM: Java HotSpot(TM) 64-Bit Server VM (17.0.10+11-LTS-240, mixed mode, emulated-client, sharing, tiered, compressed oops, compressed class ptrs, g1 gc, windows-amd64)
# No core dump will be written. Minidumps are not enabled by default on client versions of Windows
#

---------------  S U M M A R Y ------------

Command Line: -XX:TieredStopAtLevel=1 -Dspring.output.ansi.enabled=always -Dcom.sun.management.jmxremote -Dspring.jmx.enabled=true -Dspring.liveBeansView.mbeanDomain -Dspring.application.admin.enabled=true -Dmanagement.endpoints.jmx.exposure.include=* -javaagent:C:\Program Files\JetBrains\IntelliJ IDEA 2023.3.4\lib\idea_rt.jar=50852:C:\Program Files\JetBrains\IntelliJ IDEA 2023.3.4\bin -Dfile.encoding=UTF-8 com.blog.blogappapis.BlogAppApisApplication

Host: Intel(R) Core(TM) i5-6300U CPU @ 2.40GHz, 4 cores, 15G,  Windows 10 , 64 bit Build 18362 (10.0.18362.86)
Time: Mon Mar  4 06:18:40 2024 India Standard Time elapsed time: 2.734763 seconds (0d 0h 0m 2s)

---------------  T H R E A D  ---------------

Current thread (0x000001de6fb4c170):  JavaThread "background-preinit" [_thread_in_vm, id=12640, stack(0x0000002657b00000,0x0000002657c00000)]

Stack: [0x0000002657b00000,0x0000002657c00000]
Native frames: (J=compiled Java code, j=interpreted, Vv=VM code, C=native code)
V  [jvm.dll+0x677a5a]
V  [jvm.dll+0x7d8b2d]
V  [jvm.dll+0x7da48e]
V  [jvm.dll+0x7daaf3]
V  [jvm.dll+0x2455ff]
V  [jvm.dll+0x7d483b]
V  [jvm.dll+0x61dc06]
V  [jvm.dll+0x1bfa87]
V  [jvm.dll+0x620570]
V  [jvm.dll+0x61e5c6]
V  [jvm.dll+0x23b031]
V  [jvm.dll+0x1e9d67]
V  [jvm.dll+0x1dfa01]
V  [jvm.dll+0x53d58c]
V  [jvm.dll+0x753438]
V  [jvm.dll+0x753524]
V  [jvm.dll+0x40babf]
V  [jvm.dll+0x411a89]
C  [java.dll+0x17ec]

Java frames: (J=compiled Java code, j=interpreted, Vv=VM code)
J 1146  java.lang.ClassLoader.defineClass1(Ljava/lang/ClassLoader;Ljava/lang/String;[BIILjava/security/ProtectionDomain;Ljava/lang/String;)Ljava/lang/Class; java.base@17.0.10 (0 bytes) @ 0x000001de1b69aee3 [0x000001de1b69ae20+0x00000000000000c3]
J 1301 c1 java.lang.ClassLoader.defineClass(Ljava/lang/String;[BIILjava/security/ProtectionDomain;)Ljava/lang/Class; java.base@17.0.10 (43 bytes) @ 0x000001de1b6da46c [0x000001de1b6da360+0x000000000000010c]
J 1162 c1 jdk.internal.loader.BuiltinClassLoader.defineClass(Ljava/lang/String;Ljdk/internal/loader/Resource;)Ljava/lang/Class; java.base@17.0.10 (121 bytes) @ 0x000001de1b6a6974 [0x000001de1b6a64a0+0x00000000000004d4]
J 1148 c1 jdk.internal.loader.BuiltinClassLoader.findClassOnClassPathOrNull(Ljava/lang/String;)Ljava/lang/Class; java.base@17.0.10 (64 bytes) @ 0x000001de1b6a0e44 [0x000001de1b6a0b80+0x00000000000002c4]
J 951 c1 jdk.internal.loader.BuiltinClassLoader.loadClassOrNull(Ljava/lang/String;Z)Ljava/lang/Class; java.base@17.0.10 (143 bytes) @ 0x000001de1b643084 [0x000001de1b642c00+0x0000000000000484]
J 1051 c1 jdk.internal.loader.ClassLoaders$AppClassLoader.loadClass(Ljava/lang/String;Z)Ljava/lang/Class; java.base@17.0.10 (40 bytes) @ 0x000001de1b675dac [0x000001de1b675c60+0x000000000000014c]
J 1039 c1 java.lang.ClassLoader.loadClass(Ljava/lang/String;)Ljava/lang/Class; java.base@17.0.10 (7 bytes) @ 0x000001de1b670ee4 [0x000001de1b670ea0+0x0000000000000044]
v  ~StubRoutines::call_stub
j  org.hibernate.validator.messageinterpolation.AbstractMessageInterpolator.<init>(Lorg/hibernate/validator/spi/resourceloading/ResourceBundleLocator;Lorg/hibernate/validator/spi/resourceloading/ResourceBundleLocator;Ljava/util/Set;Ljava/util/Locale;Lorg/hibernate/validator/spi/messageinterpolation/LocaleResolver;ZZ)V+197
j  org.hibernate.validator.messageinterpolation.AbstractMessageInterpolator.<init>(Lorg/hibernate/validator/spi/resourceloading/ResourceBundleLocator;Lorg/hibernate/validator/spi/resourceloading/ResourceBundleLocator;Ljava/util/Set;Ljava/util/Locale;Lorg/hibernate/validator/spi/messageinterpolation/LocaleResolver;Z)V+11
j  org.hibernate.validator.messageinterpolation.AbstractMessageInterpolator.<init>(Lorg/hibernate/validator/spi/resourceloading/ResourceBundleLocator;Ljava/util/Set;Ljava/util/Locale;Lorg/hibernate/validator/spi/messageinterpolation/LocaleResolver;Z)V+9
j  org.hibernate.validator.messageinterpolation.ResourceBundleMessageInterpolator.<init>(Lorg/hibernate/validator/spi/resourceloading/ResourceBundleLocator;Ljava/util/Set;Ljava/util/Locale;Lorg/hibernate/validator/spi/messageinterpolation/LocaleResolver;Z)V+8
j  org.hibernate.validator.internal.engine.AbstractConfigurationImpl.getDefaultMessageInterpolator()Ljakarta/validation/MessageInterpolator;+40
j  org.hibernate.validator.internal.engine.AbstractConfigurationImpl.getDefaultMessageInterpolatorConfiguredWithClassLoader()Ljakarta/validation/MessageInterpolator;+153
j  org.hibernate.validator.internal.engine.AbstractConfigurationImpl.getMessageInterpolator()Ljakarta/validation/MessageInterpolator;+23
j  org.hibernate.validator.internal.engine.ValidatorFactoryImpl.<init>(Ljakarta/validation/spi/ConfigurationState;)V+89
j  org.hibernate.validator.HibernateValidator.buildValidatorFactory(Ljakarta/validation/spi/ConfigurationState;)Ljakarta/validation/ValidatorFactory;+5
j  org.hibernate.validator.internal.engine.AbstractConfigurationImpl.buildValidatorFactory()Ljakarta/validation/ValidatorFactory;+211
j  org.springframework.boot.autoconfigure.BackgroundPreinitializer$ValidationInitializer.run()V+10
j  org.springframework.boot.autoconfigure.BackgroundPreinitializer$1.runSafely(Ljava/lang/Runnable;)Z+1
j  org.springframework.boot.autoconfigure.BackgroundPreinitializer$1.run()V+20
j  java.lang.Thread.run()V+11 java.base@17.0.10
v  ~StubRoutines::call_stub

---------------  P R O C E S S  ---------------

Threads class SMR info:
_java_thread_list=0x000001de6fb4cc90, length=18, elements={
0x000001de13a2cdb0, 0x000001de29cd2c80, 0x000001de29cd3810, 0x000001de29cdf8a0,
0x000001de29ce1180, 0x000001de29ce21f0, 0x000001de29ce4ed0, 0x000001de29ce5f40,
0x000001de29cea530, 0x000001de29cb9760, 0x000001de6f0cc770, 0x000001de6f0ccc90,
0x000001de6f3f73e0, 0x000001de6f3f78c0, 0x000001de6f6adde0, 0x000001de6fa25020,
0x000001de6fa25500, 0x000001de6fb4c170
}

Java Threads: ( => current thread )
  0x000001de13a2cdb0 JavaThread "main" [_thread_blocked, id=8112, stack(0x0000002655f00000,0x0000002656000000)]
  0x000001de29cd2c80 JavaThread "Reference Handler" daemon [_thread_blocked, id=13880, stack(0x0000002656600000,0x0000002656700000)]
  0x000001de29cd3810 JavaThread "Finalizer" daemon [_thread_blocked, id=13484, stack(0x0000002656700000,0x0000002656800000)]
  0x000001de29cdf8a0 JavaThread "Signal Dispatcher" daemon [_thread_blocked, id=5792, stack(0x0000002656800000,0x0000002656900000)]
  0x000001de29ce1180 JavaThread "Attach Listener" daemon [_thread_blocked, id=6936, stack(0x0000002656900000,0x0000002656a00000)]
  0x000001de29ce21f0 JavaThread "Service Thread" daemon [_thread_blocked, id=13772, stack(0x0000002656a00000,0x0000002656b00000)]
  0x000001de29ce4ed0 JavaThread "Monitor Deflation Thread" daemon [_thread_blocked, id=1804, stack(0x0000002656b00000,0x0000002656c00000)]
  0x000001de29ce5f40 JavaThread "C1 CompilerThread0" daemon [_thread_blocked, id=9844, stack(0x0000002656c00000,0x0000002656d00000)]
  0x000001de29cea530 JavaThread "Sweeper thread" daemon [_thread_blocked, id=4600, stack(0x0000002656d00000,0x0000002656e00000)]
  0x000001de29cb9760 JavaThread "Common-Cleaner" daemon [_thread_blocked, id=12332, stack(0x0000002656e00000,0x0000002656f00000)]
  0x000001de6f0cc770 JavaThread "C1 CompilerThread1" daemon [_thread_blocked, id=9204, stack(0x0000002656f00000,0x0000002657000000)]
  0x000001de6f0ccc90 JavaThread "C1 CompilerThread2" daemon [_thread_blocked, id=6000, stack(0x0000002657000000,0x0000002657100000)]
  0x000001de6f3f73e0 JavaThread "Monitor Ctrl-Break" daemon [_thread_in_native, id=13860, stack(0x0000002657100000,0x0000002657200000)]
  0x000001de6f3f78c0 JavaThread "Notification Thread" daemon [_thread_blocked, id=6320, stack(0x0000002657200000,0x0000002657300000)]
  0x000001de6f6adde0 JavaThread "RMI TCP Accept-0" daemon [_thread_in_native, id=6952, stack(0x0000002657700000,0x0000002657800000)]
  0x000001de6fa25020 JavaThread "Thread-0" [_thread_blocked, id=8740, stack(0x0000002657900000,0x0000002657a00000)]
  0x000001de6fa25500 JavaThread "restartedMain" [_thread_in_vm, id=2624, stack(0x0000002657a00000,0x0000002657b00000)]
=>0x000001de6fb4c170 JavaThread "background-preinit" [_thread_in_vm, id=12640, stack(0x0000002657b00000,0x0000002657c00000)]

Other Threads:
  0x000001de29ccaaa0 VMThread "VM Thread" [stack: 0x0000002656500000,0x0000002656600000] [id=1888]
  0x000001de6f673580 WatcherThread [stack: 0x0000002657800000,0x0000002657900000] [id=6968]
  0x000001de13a97100 GCTaskThread "GC Thread#0" [stack: 0x0000002656000000,0x0000002656100000] [id=1312]
  0x000001de6f5a68f0 GCTaskThread "GC Thread#1" [stack: 0x0000002657300000,0x0000002657400000] [id=296]
  0x000001de6f5a6bb0 GCTaskThread "GC Thread#2" [stack: 0x0000002657400000,0x0000002657500000] [id=14072]
  0x000001de6f5a6e70 GCTaskThread "GC Thread#3" [stack: 0x0000002657500000,0x0000002657600000] [id=6548]
  0x000001de13aa8d80 ConcurrentGCThread "G1 Main Marker" [stack: 0x0000002656100000,0x0000002656200000] [id=11736]
  0x000001de13aa9e40 ConcurrentGCThread "G1 Conc#0" [stack: 0x0000002656200000,0x0000002656300000] [id=2660]
  0x000001de13aed7b0 ConcurrentGCThread "G1 Refine#0" [stack: 0x0000002656300000,0x0000002656400000] [id=13232]
  0x000001de6f68fd80 ConcurrentGCThread "G1 Refine#1" [stack: 0x0000002657600000,0x0000002657700000] [id=13864]
  0x000001de13aedff0 ConcurrentGCThread "G1 Service" [stack: 0x0000002656400000,0x0000002656500000] [id=12852]

Threads with active compile tasks:

VM state: not at safepoint (normal execution)

VM Mutex/Monitor currently owned by a thread:  ([mutex/lock_event])
[0x000001de13a285b0] Metaspace_lock - owner thread: 0x000001de6fb4c170

Heap address: 0x0000000701e00000, size: 4066 MB, Compressed Oops mode: Zero based, Oop shift amount: 3

CDS archive(s) mapped at: [0x000001de2a000000-0x000001de2abd0000-0x000001de2abd0000), size 12386304, SharedBaseAddress: 0x000001de2a000000, ArchiveRelocationMode: 1.
Compressed class space mapped at: 0x000001de2b000000-0x000001de6b000000, reserved size: 1073741824
Narrow klass base: 0x000001de2a000000, Narrow klass shift: 0, Narrow klass range: 0x100000000

GC Precious Log:
 CPUs: 4 total, 4 available
 Memory: 16263M
 Large Page Support: Disabled
 NUMA Support: Disabled
 Compressed Oops: Enabled (Zero based)
 Heap Region Size: 2M
 Heap Min Capacity: 8M
 Heap Initial Capacity: 256M
 Heap Max Capacity: 4066M
 Pre-touch: Disabled
 Parallel Workers: 4
 Concurrent Workers: 1
 Concurrent Refinement Workers: 4
 Periodic GC: Disabled

Heap:
 garbage-first heap   total 262144K, used 11523K [0x0000000701e00000, 0x0000000800000000)
  region size 2048K, 4 young (8192K), 2 survivors (4096K)
 Metaspace       used 12072K, committed 12288K, reserved 1114112K
  class space    used 1632K, committed 1728K, reserved 1048576K

Heap Regions: E=young(eden), S=young(survivor), O=old, HS=humongous(starts), HC=humongous(continues), CS=collection set, F=free, OA=open archive, CA=closed archive, TAMS=top-at-mark-start (previous, next)
|   0|0x0000000701e00000, 0x0000000702000000, 0x0000000702000000|100%| O|  |TAMS 0x0000000701e00000, 0x0000000701e00000| Untracked 
|   1|0x0000000702000000, 0x0000000702200000, 0x0000000702200000|100%| O|  |TAMS 0x0000000702000000, 0x0000000702000000| Untracked 
|   2|0x0000000702200000, 0x0000000702400000, 0x0000000702400000|100%| O|  |TAMS 0x0000000702200000, 0x0000000702200000| Untracked 
|   3|0x0000000702400000, 0x0000000702509a00, 0x0000000702600000| 51%| O|  |TAMS 0x0000000702400000, 0x0000000702400000| Untracked 
|   4|0x0000000702600000, 0x0000000702600000, 0x0000000702800000|  0%| F|  |TAMS 0x0000000702600000, 0x0000000702600000| Untracked 
|   5|0x0000000702800000, 0x0000000702800000, 0x0000000702a00000|  0%| F|  |TAMS 0x0000000702800000, 0x0000000702800000| Untracked 
|   6|0x0000000702a00000, 0x0000000702a00000, 0x0000000702c00000|  0%| F|  |TAMS 0x0000000702a00000, 0x0000000702a00000| Untracked 
|   7|0x0000000702c00000, 0x0000000702c00000, 0x0000000702e00000|  0%| F|  |TAMS 0x0000000702c00000, 0x0000000702c00000| Untracked 
|   8|0x0000000702e00000, 0x0000000702e00000, 0x0000000703000000|  0%| F|  |TAMS 0x0000000702e00000, 0x0000000702e00000| Untracked 
|   9|0x0000000703000000, 0x0000000703000000, 0x0000000703200000|  0%| F|  |TAMS 0x0000000703000000, 0x0000000703000000| Untracked 
|  10|0x0000000703200000, 0x0000000703200000, 0x0000000703400000|  0%| F|  |TAMS 0x0000000703200000, 0x0000000703200000| Untracked 
|  11|0x0000000703400000, 0x0000000703400000, 0x0000000703600000|  0%| F|  |TAMS 0x0000000703400000, 0x0000000703400000| Untracked 
|  12|0x0000000703600000, 0x0000000703600000, 0x0000000703800000|  0%| F|  |TAMS 0x0000000703600000, 0x0000000703600000| Untracked 
|  13|0x0000000703800000, 0x0000000703800000, 0x0000000703a00000|  0%| F|  |TAMS 0x0000000703800000, 0x0000000703800000| Untracked 
|  14|0x0000000703a00000, 0x0000000703a00000, 0x0000000703c00000|  0%| F|  |TAMS 0x0000000703a00000, 0x0000000703a00000| Untracked 
|  15|0x0000000703c00000, 0x0000000703c00000, 0x0000000703e00000|  0%| F|  |TAMS 0x0000000703c00000, 0x0000000703c00000| Untracked 
|  16|0x0000000703e00000, 0x0000000703e00000, 0x0000000704000000|  0%| F|  |TAMS 0x0000000703e00000, 0x0000000703e00000| Untracked 
|  17|0x0000000704000000, 0x0000000704000000, 0x0000000704200000|  0%| F|  |TAMS 0x0000000704000000, 0x0000000704000000| Untracked 
|  18|0x0000000704200000, 0x0000000704200000, 0x0000000704400000|  0%| F|  |TAMS 0x0000000704200000, 0x0000000704200000| Untracked 
|  19|0x0000000704400000, 0x0000000704400000, 0x0000000704600000|  0%| F|  |TAMS 0x0000000704400000, 0x0000000704400000| Untracked 
|  20|0x0000000704600000, 0x0000000704600000, 0x0000000704800000|  0%| F|  |TAMS 0x0000000704600000, 0x0000000704600000| Untracked 
|  21|0x0000000704800000, 0x0000000704800000, 0x0000000704a00000|  0%| F|  |TAMS 0x0000000704800000, 0x0000000704800000| Untracked 
|  22|0x0000000704a00000, 0x0000000704a00000, 0x0000000704c00000|  0%| F|  |TAMS 0x0000000704a00000, 0x0000000704a00000| Untracked 
|  23|0x0000000704c00000, 0x0000000704c00000, 0x0000000704e00000|  0%| F|  |TAMS 0x0000000704c00000, 0x0000000704c00000| Untracked 
|  24|0x0000000704e00000, 0x0000000704e00000, 0x0000000705000000|  0%| F|  |TAMS 0x0000000704e00000, 0x0000000704e00000| Untracked 
|  25|0x0000000705000000, 0x0000000705000000, 0x0000000705200000|  0%| F|  |TAMS 0x0000000705000000, 0x0000000705000000| Untracked 
|  26|0x0000000705200000, 0x0000000705200000, 0x0000000705400000|  0%| F|  |TAMS 0x0000000705200000, 0x0000000705200000| Untracked 
|  27|0x0000000705400000, 0x0000000705400000, 0x0000000705600000|  0%| F|  |TAMS 0x0000000705400000, 0x0000000705400000| Untracked 
|  28|0x0000000705600000, 0x0000000705600000, 0x0000000705800000|  0%| F|  |TAMS 0x0000000705600000, 0x0000000705600000| Untracked 
|  29|0x0000000705800000, 0x0000000705800000, 0x0000000705a00000|  0%| F|  |TAMS 0x0000000705800000, 0x0000000705800000| Untracked 
|  30|0x0000000705a00000, 0x0000000705a00000, 0x0000000705c00000|  0%| F|  |TAMS 0x0000000705a00000, 0x0000000705a00000| Untracked 
|  31|0x0000000705c00000, 0x0000000705c00000, 0x0000000705e00000|  0%| F|  |TAMS 0x0000000705c00000, 0x0000000705c00000| Untracked 
|  32|0x0000000705e00000, 0x0000000705e00000, 0x0000000706000000|  0%| F|  |TAMS 0x0000000705e00000, 0x0000000705e00000| Untracked 
|  33|0x0000000706000000, 0x0000000706000000, 0x0000000706200000|  0%| F|  |TAMS 0x0000000706000000, 0x0000000706000000| Untracked 
|  34|0x0000000706200000, 0x0000000706200000, 0x0000000706400000|  0%| F|  |TAMS 0x0000000706200000, 0x0000000706200000| Untracked 
|  35|0x0000000706400000, 0x0000000706400000, 0x0000000706600000|  0%| F|  |TAMS 0x0000000706400000, 0x0000000706400000| Untracked 
|  36|0x0000000706600000, 0x0000000706600000, 0x0000000706800000|  0%| F|  |TAMS 0x0000000706600000, 0x0000000706600000| Untracked 
|  37|0x0000000706800000, 0x0000000706800000, 0x0000000706a00000|  0%| F|  |TAMS 0x0000000706800000, 0x0000000706800000| Untracked 
|  38|0x0000000706a00000, 0x0000000706a00000, 0x0000000706c00000|  0%| F|  |TAMS 0x0000000706a00000, 0x0000000706a00000| Untracked 
|  39|0x0000000706c00000, 0x0000000706c00000, 0x0000000706e00000|  0%| F|  |TAMS 0x0000000706c00000, 0x0000000706c00000| Untracked 
|  40|0x0000000706e00000, 0x0000000706e00000, 0x0000000707000000|  0%| F|  |TAMS 0x0000000706e00000, 0x0000000706e00000| Untracked 
|  41|0x0000000707000000, 0x0000000707000000, 0x0000000707200000|  0%| F|  |TAMS 0x0000000707000000, 0x0000000707000000| Untracked 
|  42|0x0000000707200000, 0x0000000707200000, 0x0000000707400000|  0%| F|  |TAMS 0x0000000707200000, 0x0000000707200000| Untracked 
|  43|0x0000000707400000, 0x0000000707400000, 0x0000000707600000|  0%| F|  |TAMS 0x0000000707400000, 0x0000000707400000| Untracked 
|  44|0x0000000707600000, 0x0000000707600000, 0x0000000707800000|  0%| F|  |TAMS 0x0000000707600000, 0x0000000707600000| Untracked 
|  45|0x0000000707800000, 0x0000000707800000, 0x0000000707a00000|  0%| F|  |TAMS 0x0000000707800000, 0x0000000707800000| Untracked 
|  46|0x0000000707a00000, 0x0000000707a00000, 0x0000000707c00000|  0%| F|  |TAMS 0x0000000707a00000, 0x0000000707a00000| Untracked 
|  47|0x0000000707c00000, 0x0000000707c00000, 0x0000000707e00000|  0%| F|  |TAMS 0x0000000707c00000, 0x0000000707c00000| Untracked 
|  48|0x0000000707e00000, 0x0000000707e00000, 0x0000000708000000|  0%| F|  |TAMS 0x0000000707e00000, 0x0000000707e00000| Untracked 
|  49|0x0000000708000000, 0x0000000708000000, 0x0000000708200000|  0%| F|  |TAMS 0x0000000708000000, 0x0000000708000000| Untracked 
|  50|0x0000000708200000, 0x0000000708200000, 0x0000000708400000|  0%| F|  |TAMS 0x0000000708200000, 0x0000000708200000| Untracked 
|  51|0x0000000708400000, 0x0000000708400000, 0x0000000708600000|  0%| F|  |TAMS 0x0000000708400000, 0x0000000708400000| Untracked 
|  52|0x0000000708600000, 0x0000000708600000, 0x0000000708800000|  0%| F|  |TAMS 0x0000000708600000, 0x0000000708600000| Untracked 
|  53|0x0000000708800000, 0x0000000708800000, 0x0000000708a00000|  0%| F|  |TAMS 0x0000000708800000, 0x0000000708800000| Untracked 
|  54|0x0000000708a00000, 0x0000000708a00000, 0x0000000708c00000|  0%| F|  |TAMS 0x0000000708a00000, 0x0000000708a00000| Untracked 
|  55|0x0000000708c00000, 0x0000000708c00000, 0x0000000708e00000|  0%| F|  |TAMS 0x0000000708c00000, 0x0000000708c00000| Untracked 
|  56|0x0000000708e00000, 0x0000000708e00000, 0x0000000709000000|  0%| F|  |TAMS 0x0000000708e00000, 0x0000000708e00000| Untracked 
|  57|0x0000000709000000, 0x0000000709000000, 0x0000000709200000|  0%| F|  |TAMS 0x0000000709000000, 0x0000000709000000| Untracked 
|  58|0x0000000709200000, 0x0000000709200000, 0x0000000709400000|  0%| F|  |TAMS 0x0000000709200000, 0x0000000709200000| Untracked 
|  59|0x0000000709400000, 0x0000000709400000, 0x0000000709600000|  0%| F|  |TAMS 0x0000000709400000, 0x0000000709400000| Untracked 
|  60|0x0000000709600000, 0x0000000709600000, 0x0000000709800000|  0%| F|  |TAMS 0x0000000709600000, 0x0000000709600000| Untracked 
|  61|0x0000000709800000, 0x0000000709800000, 0x0000000709a00000|  0%| F|  |TAMS 0x0000000709800000, 0x0000000709800000| Untracked 
|  62|0x0000000709a00000, 0x0000000709a00000, 0x0000000709c00000|  0%| F|  |TAMS 0x0000000709a00000, 0x0000000709a00000| Untracked 
|  63|0x0000000709c00000, 0x0000000709c00000, 0x0000000709e00000|  0%| F|  |TAMS 0x0000000709c00000, 0x0000000709c00000| Untracked 
|  64|0x0000000709e00000, 0x0000000709e00000, 0x000000070a000000|  0%| F|  |TAMS 0x0000000709e00000, 0x0000000709e00000| Untracked 
|  65|0x000000070a000000, 0x000000070a000000, 0x000000070a200000|  0%| F|  |TAMS 0x000000070a000000, 0x000000070a000000| Untracked 
|  66|0x000000070a200000, 0x000000070a200000, 0x000000070a400000|  0%| F|  |TAMS 0x000000070a200000, 0x000000070a200000| Untracked 
|  67|0x000000070a400000, 0x000000070a400000, 0x000000070a600000|  0%| F|  |TAMS 0x000000070a400000, 0x000000070a400000| Untracked 
|  68|0x000000070a600000, 0x000000070a600000, 0x000000070a800000|  0%| F|  |TAMS 0x000000070a600000, 0x000000070a600000| Untracked 
|  69|0x000000070a800000, 0x000000070a800000, 0x000000070aa00000|  0%| F|  |TAMS 0x000000070a800000, 0x000000070a800000| Untracked 
|  70|0x000000070aa00000, 0x000000070aa00000, 0x000000070ac00000|  0%| F|  |TAMS 0x000000070aa00000, 0x000000070aa00000| Untracked 
|  71|0x000000070ac00000, 0x000000070ac00000, 0x000000070ae00000|  0%| F|  |TAMS 0x000000070ac00000, 0x000000070ac00000| Untracked 
|  72|0x000000070ae00000, 0x000000070ae00000, 0x000000070b000000|  0%| F|  |TAMS 0x000000070ae00000, 0x000000070ae00000| Untracked 
|  73|0x000000070b000000, 0x000000070b000000, 0x000000070b200000|  0%| F|  |TAMS 0x000000070b000000, 0x000000070b000000| Untracked 
|  74|0x000000070b200000, 0x000000070b200000, 0x000000070b400000|  0%| F|  |TAMS 0x000000070b200000, 0x000000070b200000| Untracked 
|  75|0x000000070b400000, 0x000000070b400000, 0x000000070b600000|  0%| F|  |TAMS 0x000000070b400000, 0x000000070b400000| Untracked 
|  76|0x000000070b600000, 0x000000070b600000, 0x000000070b800000|  0%| F|  |TAMS 0x000000070b600000, 0x000000070b600000| Untracked 
|  77|0x000000070b800000, 0x000000070b800000, 0x000000070ba00000|  0%| F|  |TAMS 0x000000070b800000, 0x000000070b800000| Untracked 
|  78|0x000000070ba00000, 0x000000070ba00000, 0x000000070bc00000|  0%| F|  |TAMS 0x000000070ba00000, 0x000000070ba00000| Untracked 
|  79|0x000000070bc00000, 0x000000070bc00000, 0x000000070be00000|  0%| F|  |TAMS 0x000000070bc00000, 0x000000070bc00000| Untracked 
|  80|0x000000070be00000, 0x000000070be00000, 0x000000070c000000|  0%| F|  |TAMS 0x000000070be00000, 0x000000070be00000| Untracked 
|  81|0x000000070c000000, 0x000000070c000000, 0x000000070c200000|  0%| F|  |TAMS 0x000000070c000000, 0x000000070c000000| Untracked 
|  82|0x000000070c200000, 0x000000070c200000, 0x000000070c400000|  0%| F|  |TAMS 0x000000070c200000, 0x000000070c200000| Untracked 
|  83|0x000000070c400000, 0x000000070c400000, 0x000000070c600000|  0%| F|  |TAMS 0x000000070c400000, 0x000000070c400000| Untracked 
|  84|0x000000070c600000, 0x000000070c600000, 0x000000070c800000|  0%| F|  |TAMS 0x000000070c600000, 0x000000070c600000| Untracked 
|  85|0x000000070c800000, 0x000000070c800000, 0x000000070ca00000|  0%| F|  |TAMS 0x000000070c800000, 0x000000070c800000| Untracked 
|  86|0x000000070ca00000, 0x000000070ca00000, 0x000000070cc00000|  0%| F|  |TAMS 0x000000070ca00000, 0x000000070ca00000| Untracked 
|  87|0x000000070cc00000, 0x000000070cc00000, 0x000000070ce00000|  0%| F|  |TAMS 0x000000070cc00000, 0x000000070cc00000| Untracked 
|  88|0x000000070ce00000, 0x000000070ce00000, 0x000000070d000000|  0%| F|  |TAMS 0x000000070ce00000, 0x000000070ce00000| Untracked 
|  89|0x000000070d000000, 0x000000070d000000, 0x000000070d200000|  0%| F|  |TAMS 0x000000070d000000, 0x000000070d000000| Untracked 
|  90|0x000000070d200000, 0x000000070d200000, 0x000000070d400000|  0%| F|  |TAMS 0x000000070d200000, 0x000000070d200000| Untracked 
|  91|0x000000070d400000, 0x000000070d400000, 0x000000070d600000|  0%| F|  |TAMS 0x000000070d400000, 0x000000070d400000| Untracked 
|  92|0x000000070d600000, 0x000000070d600000, 0x000000070d800000|  0%| F|  |TAMS 0x000000070d600000, 0x000000070d600000| Untracked 
|  93|0x000000070d800000, 0x000000070d800000, 0x000000070da00000|  0%| F|  |TAMS 0x000000070d800000, 0x000000070d800000| Untracked 
|  94|0x000000070da00000, 0x000000070da00000, 0x000000070dc00000|  0%| F|  |TAMS 0x000000070da00000, 0x000000070da00000| Untracked 
|  95|0x000000070dc00000, 0x000000070dc00000, 0x000000070de00000|  0%| F|  |TAMS 0x000000070dc00000, 0x000000070dc00000| Untracked 
|  96|0x000000070de00000, 0x000000070de00000, 0x000000070e000000|  0%| F|  |TAMS 0x000000070de00000, 0x000000070de00000| Untracked 
|  97|0x000000070e000000, 0x000000070e000000, 0x000000070e200000|  0%| F|  |TAMS 0x000000070e000000, 0x000000070e000000| Untracked 
|  98|0x000000070e200000, 0x000000070e200000, 0x000000070e400000|  0%| F|  |TAMS 0x000000070e200000, 0x000000070e200000| Untracked 
|  99|0x000000070e400000, 0x000000070e400000, 0x000000070e600000|  0%| F|  |TAMS 0x000000070e400000, 0x000000070e400000| Untracked 
| 100|0x000000070e600000, 0x000000070e600000, 0x000000070e800000|  0%| F|  |TAMS 0x000000070e600000, 0x000000070e600000| Untracked 
| 101|0x000000070e800000, 0x000000070e800000, 0x000000070ea00000|  0%| F|  |TAMS 0x000000070e800000, 0x000000070e800000| Untracked 
| 102|0x000000070ea00000, 0x000000070ea00000, 0x000000070ec00000|  0%| F|  |TAMS 0x000000070ea00000, 0x000000070ea00000| Untracked 
| 103|0x000000070ec00000, 0x000000070ec00000, 0x000000070ee00000|  0%| F|  |TAMS 0x000000070ec00000, 0x000000070ec00000| Untracked 
| 104|0x000000070ee00000, 0x000000070ee00000, 0x000000070f000000|  0%| F|  |TAMS 0x000000070ee00000, 0x000000070ee00000| Untracked 
| 105|0x000000070f000000, 0x000000070f000000, 0x000000070f200000|  0%| F|  |TAMS 0x000000070f000000, 0x000000070f000000| Untracked 
| 106|0x000000070f200000, 0x000000070f200000, 0x000000070f400000|  0%| F|  |TAMS 0x000000070f200000, 0x000000070f200000| Untracked 
| 107|0x000000070f400000, 0x000000070f400000, 0x000000070f600000|  0%| F|  |TAMS 0x000000070f400000, 0x000000070f400000| Untracked 
| 108|0x000000070f600000, 0x000000070f600000, 0x000000070f800000|  0%| F|  |TAMS 0x000000070f600000, 0x000000070f600000| Untracked 
| 109|0x000000070f800000, 0x000000070f800000, 0x000000070fa00000|  0%| F|  |TAMS 0x000000070f800000, 0x000000070f800000| Untracked 
| 110|0x000000070fa00000, 0x000000070fa00000, 0x000000070fc00000|  0%| F|  |TAMS 0x000000070fa00000, 0x000000070fa00000| Untracked 
| 111|0x000000070fc00000, 0x000000070fc00000, 0x000000070fe00000|  0%| F|  |TAMS 0x000000070fc00000, 0x000000070fc00000| Untracked 
| 112|0x000000070fe00000, 0x000000070fe00000, 0x0000000710000000|  0%| F|  |TAMS 0x000000070fe00000, 0x000000070fe00000| Untracked 
| 113|0x0000000710000000, 0x0000000710037530, 0x0000000710200000| 10%| S|CS|TAMS 0x0000000710000000, 0x0000000710000000| Complete 
| 114|0x0000000710200000, 0x0000000710400000, 0x0000000710400000|100%| S|CS|TAMS 0x0000000710200000, 0x0000000710200000| Complete 
| 115|0x0000000710400000, 0x0000000710400000, 0x0000000710600000|  0%| F|  |TAMS 0x0000000710400000, 0x0000000710400000| Untracked 
| 116|0x0000000710600000, 0x0000000710600000, 0x0000000710800000|  0%| F|  |TAMS 0x0000000710600000, 0x0000000710600000| Untracked 
| 117|0x0000000710800000, 0x0000000710800000, 0x0000000710a00000|  0%| F|  |TAMS 0x0000000710800000, 0x0000000710800000| Untracked 
| 118|0x0000000710a00000, 0x0000000710a00000, 0x0000000710c00000|  0%| F|  |TAMS 0x0000000710a00000, 0x0000000710a00000| Untracked 
| 119|0x0000000710c00000, 0x0000000710c00000, 0x0000000710e00000|  0%| F|  |TAMS 0x0000000710c00000, 0x0000000710c00000| Untracked 
| 120|0x0000000710e00000, 0x0000000710e00000, 0x0000000711000000|  0%| F|  |TAMS 0x0000000710e00000, 0x0000000710e00000| Untracked 
| 121|0x0000000711000000, 0x0000000711000000, 0x0000000711200000|  0%| F|  |TAMS 0x0000000711000000, 0x0000000711000000| Untracked 
| 122|0x0000000711200000, 0x0000000711200000, 0x0000000711400000|  0%| F|  |TAMS 0x0000000711200000, 0x0000000711200000| Untracked 
| 123|0x0000000711400000, 0x0000000711400000, 0x0000000711600000|  0%| F|  |TAMS 0x0000000711400000, 0x0000000711400000| Untracked 
| 124|0x0000000711600000, 0x0000000711600000, 0x0000000711800000|  0%| F|  |TAMS 0x0000000711600000, 0x0000000711600000| Untracked 
| 125|0x0000000711800000, 0x0000000711800000, 0x0000000711a00000|  0%| F|  |TAMS 0x0000000711800000, 0x0000000711800000| Untracked 
| 126|0x0000000711a00000, 0x0000000711a71f50, 0x0000000711c00000| 22%| E|  |TAMS 0x0000000711a00000, 0x0000000711a00000| Complete 
| 127|0x0000000711c00000, 0x0000000711e00000, 0x0000000711e00000|100%| E|CS|TAMS 0x0000000711c00000, 0x0000000711c00000| Complete 

Card table byte_map: [0x000001de1ead0000,0x000001de1f2d0000] _byte_map_base: 0x000001de1b2c1000

Marking Bits (Prev, Next): (CMBitMap*) 0x000001de13a98640, (CMBitMap*) 0x000001de13a98680
 Prev Bits: [0x000001de1fad0000, 0x000001de23a58000)
 Next Bits: [0x000001de23a60000, 0x000001de279e8000)

Polling page: 0x000001de11790000

Metaspace:

Usage:
  Non-class:     10.20 MB used.
      Class:      1.59 MB used.
       Both:     11.79 MB used.

Virtual space:
  Non-class space:       64.00 MB reserved,      10.31 MB ( 16%) committed,  1 nodes.
      Class space:        1.00 GB reserved,       1.69 MB ( <1%) committed,  1 nodes.
             Both:        1.06 GB reserved,      12.00 MB (  1%) committed. 

Chunk freelists:
   Non-Class:  5.61 MB
       Class:  14.32 MB
        Both:  19.93 MB

MaxMetaspaceSize: unlimited
CompressedClassSpaceSize: 1.00 GB
Initial GC threshold: 21.00 MB
Current GC threshold: 21.00 MB
CDS: on
MetaspaceReclaimPolicy: balanced
 - commit_granule_bytes: 65536.
 - commit_granule_words: 8192.
 - virtual_space_node_default_size: 8388608.
 - enlarge_chunks_in_place: 1.
 - new_chunks_are_fully_committed: 0.
 - uncommit_free_chunks: 1.
 - use_allocation_guard: 0.
 - handle_deallocations: 1.


Internal statistics:

num_allocs_failed_limit: 0.
num_arena_births: 218.
num_arena_deaths: 0.
num_vsnodes_births: 2.
num_vsnodes_deaths: 0.
num_space_committed: 192.
num_space_uncommitted: 0.
num_chunks_returned_to_freelist: 0.
num_chunks_taken_from_freelist: 539.
num_chunk_merges: 0.
num_chunk_splits: 351.
num_chunks_enlarged: 251.
num_inconsistent_stats: 0.

CodeCache: size=49152Kb used=5093Kb max_used=5093Kb free=44058Kb
 bounds [0x000001de1b2d0000, 0x000001de1b7d0000, 0x000001de1e2d0000]
 total_blobs=2345 nmethods=1884 adapters=386
 compilation: enabled
              stopped_count=0, restarted_count=0
 full_count=0

Compilation events (20 events):
Event: 2.702 Thread 0x000001de29ce5f40 1875   !   1       java.lang.ref.ReferenceQueue::remove (125 bytes)
Event: 2.702 Thread 0x000001de6f0ccc90 1877       1       jdk.internal.misc.InnocuousThread::eraseThreadLocals (23 bytes)
Event: 2.702 Thread 0x000001de6f0cc770 1876   !   1       jdk.internal.ref.PhantomCleanable::isListEmpty (34 bytes)
Event: 2.702 Thread 0x000001de6f0ccc90 nmethod 1877 0x000001de1b7c3710 code [0x000001de1b7c38a0, 0x000001de1b7c3a38]
Event: 2.702 Thread 0x000001de6f0ccc90 1878       1       java.lang.invoke.MethodHandleNatives$CallSiteContext::run (5 bytes)
Event: 2.702 Thread 0x000001de6f0cc770 nmethod 1876 0x000001de1b7c3a90 code [0x000001de1b7c3c20, 0x000001de1b7c3dd8]
Event: 2.702 Thread 0x000001de6f0ccc90 nmethod 1878 0x000001de1b7c3f10 code [0x000001de1b7c40a0, 0x000001de1b7c4188]
Event: 2.703 Thread 0x000001de29ce5f40 nmethod 1875 0x000001de1b7c4210 code [0x000001de1b7c4400, 0x000001de1b7c48f8]
Event: 2.709 Thread 0x000001de6f0ccc90 1881       1       java.util.concurrent.ConcurrentHashMap::remove (8 bytes)
Event: 2.709 Thread 0x000001de6f0cc770 1880   !   1       java.util.concurrent.ConcurrentHashMap::replaceNode (437 bytes)
Event: 2.709 Thread 0x000001de6f0ccc90 nmethod 1881 0x000001de1b7c5210 code [0x000001de1b7c53a0, 0x000001de1b7c5488]
Event: 2.711 Thread 0x000001de6f0cc770 nmethod 1880 0x000001de1b7c5b10 code [0x000001de1b7c5da0, 0x000001de1b7c6c58]
Event: 2.711 Thread 0x000001de29ce5f40 1882       1       java.lang.reflect.Constructor::getSharedParameterTypes (5 bytes)
Event: 2.711 Thread 0x000001de29ce5f40 nmethod 1882 0x000001de1b7c7710 code [0x000001de1b7c78a0, 0x000001de1b7c7978]
Event: 2.713 Thread 0x000001de29ce5f40 1883       1       java.lang.reflect.Constructor::acquireConstructorAccessor (44 bytes)
Event: 2.713 Thread 0x000001de6f0ccc90 1884       1       jdk.internal.reflect.ReflectionFactory::newConstructorAccessor (155 bytes)
Event: 2.713 Thread 0x000001de29ce5f40 nmethod 1883 0x000001de1b7c7a10 code [0x000001de1b7c7be0, 0x000001de1b7c7ed8]
Event: 2.713 Thread 0x000001de29ce5f40 1885       1       jdk.internal.reflect.Reflection::isSubclassOf (21 bytes)
Event: 2.713 Thread 0x000001de29ce5f40 nmethod 1885 0x000001de1b7c8010 code [0x000001de1b7c81c0, 0x000001de1b7c82e8]
Event: 2.714 Thread 0x000001de6f0ccc90 nmethod 1884 0x000001de1b7c8390 code [0x000001de1b7c8600, 0x000001de1b7c8eb8]

GC Heap History (6 events):
Event: 1.091 GC heap before
{Heap before GC invocations=0 (full 0):
 garbage-first heap   total 262144K, used 12288K [0x0000000701e00000, 0x0000000800000000)
  region size 2048K, 6 young (12288K), 0 survivors (0K)
 Metaspace       used 4311K, committed 4480K, reserved 1114112K
  class space    used 525K, committed 576K, reserved 1048576K
}
Event: 1.099 GC heap after
{Heap after GC invocations=1 (full 0):
 garbage-first heap   total 262144K, used 7335K [0x0000000701e00000, 0x0000000800000000)
  region size 2048K, 1 young (2048K), 1 survivors (2048K)
 Metaspace       used 4311K, committed 4480K, reserved 1114112K
  class space    used 525K, committed 576K, reserved 1048576K
}
Event: 1.647 GC heap before
{Heap before GC invocations=1 (full 0):
 garbage-first heap   total 262144K, used 15527K [0x0000000701e00000, 0x0000000800000000)
  region size 2048K, 6 young (12288K), 1 survivors (2048K)
 Metaspace       used 7160K, committed 7360K, reserved 1114112K
  class space    used 893K, committed 1024K, reserved 1048576K
}
Event: 1.651 GC heap after
{Heap after GC invocations=2 (full 0):
 garbage-first heap   total 262144K, used 8086K [0x0000000701e00000, 0x0000000800000000)
  region size 2048K, 1 young (2048K), 1 survivors (2048K)
 Metaspace       used 7160K, committed 7360K, reserved 1114112K
  class space    used 893K, committed 1024K, reserved 1048576K
}
Event: 2.698 GC heap before
{Heap before GC invocations=2 (full 0):
 garbage-first heap   total 262144K, used 32662K [0x0000000701e00000, 0x0000000800000000)
  region size 2048K, 13 young (26624K), 1 survivors (2048K)
 Metaspace       used 11821K, committed 12096K, reserved 1114112K
  class space    used 1604K, committed 1728K, reserved 1048576K
}
Event: 2.702 GC heap after
{Heap after GC invocations=3 (full 0):
 garbage-first heap   total 262144K, used 9475K [0x0000000701e00000, 0x0000000800000000)
  region size 2048K, 2 young (4096K), 2 survivors (4096K)
 Metaspace       used 11821K, committed 12096K, reserved 1114112K
  class space    used 1604K, committed 1728K, reserved 1048576K
}

Deoptimization events (0 events):
No events

Classes unloaded (0 events):
No events

Classes redefined (0 events):
No events

Internal exceptions (20 events):
Event: 2.162 Thread 0x000001de6fa25500 Exception <a 'java/lang/NoSuchMethodError'{0x00000007111989d8}: 'java.lang.Object java.lang.invoke.DirectMethodHandle$Holder.newInvokeSpecial(java.lang.Object, java.lang.Object, java.lang.Object, java.lang.Object, java.lang.Object, java.lang.Object, int)'> (0x00000007111989d8) 
thrown [s\open\src\hotspot\share\interpreter\linkResolver.cpp, line 759]
Event: 2.163 Thread 0x000001de6fa25500 Exception <a 'java/lang/NoSuchMethodError'{0x000000071119da18}: 'java.lang.Object java.lang.invoke.DirectMethodHandle$Holder.invokeSpecial(java.lang.Object, java.lang.Object, java.lang.Object, java.lang.Object, java.lang.Object, java.lang.Object, java.lang.Object, int)'> (0x000000071119da18) 
thrown [s\open\src\hotspot\share\interpreter\linkResolver.cpp, line 759]
Event: 2.249 Thread 0x000001de6fa25500 Exception <a 'java/lang/NoSuchMethodError'{0x0000000710f667d0}: 'int java.lang.invoke.DirectMethodHandle$Holder.invokeVirtual(java.lang.Object, java.lang.Object)'> (0x0000000710f667d0) 
thrown [s\open\src\hotspot\share\interpreter\linkResolver.cpp, line 759]
Event: 2.284 Thread 0x000001de6fa25500 Exception <a 'java/lang/NoSuchMethodError'{0x0000000710c138d8}: 'java.lang.Object java.lang.invoke.DirectMethodHandle$Holder.invokeSpecial(java.lang.Object, java.lang.Object, java.lang.Object, int, java.lang.Object)'> (0x0000000710c138d8) 
thrown [s\open\src\hotspot\share\interpreter\linkResolver.cpp, line 759]
Event: 2.285 Thread 0x000001de6fa25500 Exception <a 'java/lang/NoSuchMethodError'{0x0000000710c1bf88}: 'java.lang.Object java.lang.invoke.DirectMethodHandle$Holder.newInvokeSpecial(java.lang.Object, java.lang.Object, java.lang.Object, int, java.lang.Object)'> (0x0000000710c1bf88) 
thrown [s\open\src\hotspot\share\interpreter\linkResolver.cpp, line 759]
Event: 2.286 Thread 0x000001de6fa25500 Exception <a 'java/lang/NoSuchMethodError'{0x0000000710c23958}: 'java.lang.Object java.lang.invoke.Invokers$Holder.linkToTargetMethod(java.lang.Object, java.lang.Object, int, java.lang.Object, java.lang.Object)'> (0x0000000710c23958) 
thrown [s\open\src\hotspot\share\interpreter\linkResolver.cpp, line 759]
Event: 2.289 Thread 0x000001de6fa25500 Exception <a 'java/lang/NoSuchMethodError'{0x0000000710c33c80}: 'java.lang.Object java.lang.invoke.DirectMethodHandle$Holder.newInvokeSpecial(java.lang.Object, int, java.lang.Object)'> (0x0000000710c33c80) 
thrown [s\open\src\hotspot\share\interpreter\linkResolver.cpp, line 759]
Event: 2.291 Thread 0x000001de6fa25500 Exception <a 'java/lang/NoSuchMethodError'{0x0000000710c386c0}: 'int java.lang.invoke.DirectMethodHandle$Holder.invokeSpecialIFC(java.lang.Object, java.lang.Object, java.lang.Object, java.lang.Object)'> (0x0000000710c386c0) 
thrown [s\open\src\hotspot\share\interpreter\linkResolver.cpp, line 759]
Event: 2.330 Thread 0x000001de6fa25500 Exception <a 'java/lang/NoSuchMethodError'{0x0000000710d070f0}: 'void java.lang.invoke.DirectMethodHandle$Holder.invokeInterface(java.lang.Object, java.lang.Object, java.lang.Object)'> (0x0000000710d070f0) 
thrown [s\open\src\hotspot\share\interpreter\linkResolver.cpp, line 759]
Event: 2.382 Thread 0x000001de6fa25500 Exception <a 'java/lang/NoSuchMethodError'{0x0000000710ddad10}: 'java.lang.Object java.lang.invoke.DirectMethodHandle$Holder.invokeVirtual(java.lang.Object, java.lang.Object, java.lang.Object)'> (0x0000000710ddad10) 
thrown [s\open\src\hotspot\share\interpreter\linkResolver.cpp, line 759]
Event: 2.432 Thread 0x000001de6fa25500 Exception <a 'java/lang/NoSuchMethodError'{0x0000000710ab3048}: 'void java.lang.invoke.DirectMethodHandle$Holder.invokeStatic(java.lang.Object, java.lang.Object, int)'> (0x0000000710ab3048) 
thrown [s\open\src\hotspot\share\interpreter\linkResolver.cpp, line 759]
Event: 2.438 Thread 0x000001de6fa25500 Exception <a 'java/lang/NoSuchMethodError'{0x0000000710acc0a8}: 'void java.lang.invoke.DirectMethodHandle$Holder.invokeStaticInit(java.lang.Object, java.lang.Object, java.lang.Object)'> (0x0000000710acc0a8) 
thrown [s\open\src\hotspot\share\interpreter\linkResolver.cpp, line 759]
Event: 2.449 Thread 0x000001de6fa25500 Exception <a 'java/lang/NoSuchMethodError'{0x0000000710b13760}: 'java.lang.Object java.lang.invoke.DirectMethodHandle$Holder.invokeStatic(java.lang.Object, java.lang.Object, long, java.lang.Object)'> (0x0000000710b13760) 
thrown [s\open\src\hotspot\share\interpreter\linkResolver.cpp, line 759]
Event: 2.450 Thread 0x000001de6fa25500 Exception <a 'java/lang/NoSuchMethodError'{0x0000000710b17220}: 'java.lang.Object java.lang.invoke.DirectMethodHandle$Holder.invokeStaticInit(java.lang.Object, java.lang.Object, long, java.lang.Object)'> (0x0000000710b17220) 
thrown [s\open\src\hotspot\share\interpreter\linkResolver.cpp, line 759]
Event: 2.450 Thread 0x000001de6fa25500 Exception <a 'java/lang/NoSuchMethodError'{0x0000000710b1d830}: 'java.lang.Object java.lang.invoke.DirectMethodHandle$Holder.newInvokeSpecial(java.lang.Object, java.lang.Object, long)'> (0x0000000710b1d830) 
thrown [s\open\src\hotspot\share\interpreter\linkResolver.cpp, line 759]
Event: 2.451 Thread 0x000001de6fa25500 Exception <a 'java/lang/NoSuchMethodError'{0x0000000710b213a0}: 'java.lang.Object java.lang.invoke.Invokers$Holder.linkToTargetMethod(java.lang.Object, long, java.lang.Object)'> (0x0000000710b213a0) 
thrown [s\open\src\hotspot\share\interpreter\linkResolver.cpp, line 759]
Event: 2.481 Thread 0x000001de6fa25500 Exception <a 'java/lang/NoSuchMethodError'{0x0000000710b7cde8}: 'void java.lang.invoke.DirectMethodHandle$Holder.invokeSpecial(java.lang.Object, java.lang.Object, java.lang.Object, java.lang.Object, java.lang.Object)'> (0x0000000710b7cde8) 
thrown [s\open\src\hotspot\share\interpreter\linkResolver.cpp, line 759]
Event: 2.482 Thread 0x000001de6fa25500 Exception <a 'java/lang/NoSuchMethodError'{0x0000000710b85378}: 'void java.lang.invoke.DirectMethodHandle$Holder.invokeVirtual(java.lang.Object, java.lang.Object, java.lang.Object, java.lang.Object)'> (0x0000000710b85378) 
thrown [s\open\src\hotspot\share\interpreter\linkResolver.cpp, line 759]
Event: 2.566 Thread 0x000001de6fa25500 Exception <a 'java/lang/NoSuchMethodError'{0x00000007108f0220}: 'void java.lang.invoke.DirectMethodHandle$Holder.invokeSpecial(java.lang.Object, java.lang.Object, java.lang.Object)'> (0x00000007108f0220) 
thrown [s\open\src\hotspot\share\interpreter\linkResolver.cpp, line 759]
Event: 2.581 Thread 0x000001de6fa25500 Exception <a 'java/lang/IncompatibleClassChangeError'{0x0000000710921eb0}: Found class java.lang.Object, but interface was expected> (0x0000000710921eb0) 
thrown [s\open\src\hotspot\share\interpreter\linkResolver.cpp, line 826]

VM Operations (20 events):
Event: 1.120 Executing VM operation: HandshakeAllThreads
Event: 1.120 Executing VM operation: HandshakeAllThreads done
Event: 1.195 Executing VM operation: HandshakeAllThreads
Event: 1.195 Executing VM operation: HandshakeAllThreads done
Event: 1.201 Executing VM operation: HandshakeAllThreads
Event: 1.201 Executing VM operation: HandshakeAllThreads done
Event: 1.647 Executing VM operation: G1CollectForAllocation
Event: 1.651 Executing VM operation: G1CollectForAllocation done
Event: 1.844 Executing VM operation: HandshakeAllThreads
Event: 1.844 Executing VM operation: HandshakeAllThreads done
Event: 2.244 Executing VM operation: HandshakeAllThreads
Event: 2.244 Executing VM operation: HandshakeAllThreads done
Event: 2.466 Executing VM operation: ICBufferFull
Event: 2.466 Executing VM operation: ICBufferFull done
Event: 2.551 Executing VM operation: HandshakeAllThreads
Event: 2.552 Executing VM operation: HandshakeAllThreads done
Event: 2.562 Executing VM operation: HandshakeAllThreads
Event: 2.562 Executing VM operation: HandshakeAllThreads done
Event: 2.698 Executing VM operation: G1CollectForAllocation
Event: 2.702 Executing VM operation: G1CollectForAllocation done

Events (20 events):
Event: 2.503 loading class java/util/Vector$Itr done
Event: 2.570 Thread 0x000001de6fb4c170 Thread added: 0x000001de6fb4c170
Event: 2.584 loading class java/io/UnsupportedEncodingException
Event: 2.584 loading class java/io/UnsupportedEncodingException done
Event: 2.612 loading class java/lang/AssertionError
Event: 2.612 loading class java/lang/AssertionError done
Event: 2.639 loading class java/util/regex/PatternSyntaxException
Event: 2.639 loading class java/util/regex/PatternSyntaxException done
Event: 2.641 loading class javax/xml/stream/XMLStreamException
Event: 2.641 loading class javax/xml/stream/XMLStreamException done
Event: 2.663 loading class java/io/NotSerializableException
Event: 2.663 loading class java/io/ObjectStreamException
Event: 2.664 loading class java/io/ObjectStreamException done
Event: 2.664 loading class java/io/NotSerializableException done
Event: 2.665 loading class org/xml/sax/SAXException
Event: 2.665 loading class org/xml/sax/SAXException done
Event: 2.665 loading class javax/xml/transform/Source
Event: 2.665 loading class javax/xml/transform/Source done
Event: 2.716 loading class java/lang/reflect/AnnotatedType
Event: 2.716 loading class java/lang/reflect/AnnotatedType done


Dynamic libraries:
0x00007ff6f5060000 - 0x00007ff6f5070000 	C:\Program Files\Java\jdk-17\bin\java.exe
0x00007ffb692c0000 - 0x00007ffb694b0000 	C:\Windows\SYSTEM32\ntdll.dll
0x00007ffb691c0000 - 0x00007ffb69272000 	C:\Windows\System32\KERNEL32.DLL
0x00007ffb66f80000 - 0x00007ffb67223000 	C:\Windows\System32\KERNELBASE.dll
0x00007ffb66400000 - 0x00007ffb664fa000 	C:\Windows\System32\ucrtbase.dll
0x00007ffb5d720000 - 0x00007ffb5d739000 	C:\Program Files\Java\jdk-17\bin\jli.dll
0x00007ffb68d40000 - 0x00007ffb68de3000 	C:\Windows\System32\ADVAPI32.dll
0x00007ffb67eb0000 - 0x00007ffb67f4e000 	C:\Windows\System32\msvcrt.dll
0x00007ffb54c60000 - 0x00007ffb54c7b000 	C:\Program Files\Java\jdk-17\bin\VCRUNTIME140.dll
0x00007ffb67da0000 - 0x00007ffb67e37000 	C:\Windows\System32\sechost.dll
0x00007ffb68830000 - 0x00007ffb68950000 	C:\Windows\System32\RPCRT4.dll
0x00007ffb68690000 - 0x00007ffb68823000 	C:\Windows\System32\USER32.dll
0x00007ffb66620000 - 0x00007ffb66641000 	C:\Windows\System32\win32u.dll
0x00007ffb673e0000 - 0x00007ffb67406000 	C:\Windows\System32\GDI32.dll
0x00007ffb66260000 - 0x00007ffb663f4000 	C:\Windows\System32\gdi32full.dll
0x00007ffb50c30000 - 0x00007ffb50eb5000 	C:\Windows\WinSxS\amd64_microsoft.windows.common-controls_6595b64144ccf1df_6.0.18362.239_none_e6c7aebd130c7608\COMCTL32.dll
0x00007ffb66580000 - 0x00007ffb6661e000 	C:\Windows\System32\msvcp_win.dll
0x00007ffb67950000 - 0x00007ffb67c86000 	C:\Windows\System32\combase.dll
0x00007ffb66500000 - 0x00007ffb66580000 	C:\Windows\System32\bcryptPrimitives.dll
0x00007ffb56d80000 - 0x00007ffb56d8a000 	C:\Windows\SYSTEM32\VERSION.dll
0x00007ffb68950000 - 0x00007ffb6897e000 	C:\Windows\System32\IMM32.DLL
0x00007ffb56d90000 - 0x00007ffb56d9c000 	C:\Program Files\Java\jdk-17\bin\vcruntime140_1.dll
0x00007ffb2b8f0000 - 0x00007ffb2b97e000 	C:\Program Files\Java\jdk-17\bin\msvcp140.dll
0x00007ffb0db00000 - 0x00007ffb0e6df000 	C:\Program Files\Java\jdk-17\bin\server\jvm.dll
0x00007ffb674c0000 - 0x00007ffb674c8000 	C:\Windows\System32\PSAPI.DLL
0x00007ffb4b150000 - 0x00007ffb4b159000 	C:\Windows\SYSTEM32\WSOCK32.dll
0x00007ffb68df0000 - 0x00007ffb68e5f000 	C:\Windows\System32\WS2_32.dll
0x00007ffb60bf0000 - 0x00007ffb60c14000 	C:\Windows\SYSTEM32\WINMM.dll
0x00007ffb60bc0000 - 0x00007ffb60bed000 	C:\Windows\SYSTEM32\WINMMBASE.dll
0x00007ffb66670000 - 0x00007ffb666ba000 	C:\Windows\System32\cfgmgr32.dll
0x00007ffb661b0000 - 0x00007ffb661c1000 	C:\Windows\System32\kernel.appcore.dll
0x00007ffb56ca0000 - 0x00007ffb56caa000 	C:\Program Files\Java\jdk-17\bin\jimage.dll
0x00007ffb64be0000 - 0x00007ffb64dd4000 	C:\Windows\SYSTEM32\DBGHELP.DLL
0x00007ffb5dbc0000 - 0x00007ffb5dbea000 	C:\Windows\SYSTEM32\dbgcore.DLL
0x00007ffb54db0000 - 0x00007ffb54dbe000 	C:\Program Files\Java\jdk-17\bin\instrument.dll
0x00007ffb54be0000 - 0x00007ffb54c05000 	C:\Program Files\Java\jdk-17\bin\java.dll
0x00007ffb2b810000 - 0x00007ffb2b8e7000 	C:\Program Files\Java\jdk-17\bin\jsvml.dll
0x00007ffb67fb0000 - 0x00007ffb68690000 	C:\Windows\System32\SHELL32.dll
0x00007ffb68fc0000 - 0x00007ffb69069000 	C:\Windows\System32\shcore.dll
0x00007ffb66770000 - 0x00007ffb66eeb000 	C:\Windows\System32\windows.storage.dll
0x00007ffb661f0000 - 0x00007ffb6620f000 	C:\Windows\System32\profapi.dll
0x00007ffb66210000 - 0x00007ffb6625a000 	C:\Windows\System32\powrprof.dll
0x00007ffb661a0000 - 0x00007ffb661b0000 	C:\Windows\System32\UMPDC.dll
0x00007ffb67d40000 - 0x00007ffb67d92000 	C:\Windows\System32\shlwapi.dll
0x00007ffb66650000 - 0x00007ffb66667000 	C:\Windows\System32\cryptsp.dll
0x00007ffb54bc0000 - 0x00007ffb54bd8000 	C:\Program Files\Java\jdk-17\bin\zip.dll
0x00007ffb54b80000 - 0x00007ffb54b99000 	C:\Program Files\Java\jdk-17\bin\net.dll
0x00007ffb54400000 - 0x00007ffb544f0000 	C:\Windows\SYSTEM32\WINHTTP.dll
0x00007ffb65a10000 - 0x00007ffb65a77000 	C:\Windows\system32\mswsock.dll
0x00007ffb50950000 - 0x00007ffb50966000 	C:\Program Files\Java\jdk-17\bin\nio.dll
0x00007ffb50930000 - 0x00007ffb5094a000 	C:\Program Files\JetBrains\IntelliJ IDEA 2023.3.4\bin\breakgen64.dll
0x00007ffb657b0000 - 0x00007ffb6587a000 	C:\Windows\SYSTEM32\DNSAPI.dll
0x00007ffb67430000 - 0x00007ffb67438000 	C:\Windows\System32\NSI.dll
0x00007ffb65770000 - 0x00007ffb657aa000 	C:\Windows\SYSTEM32\IPHLPAPI.DLL
0x00007ffb53950000 - 0x00007ffb5395a000 	C:\Windows\System32\rasadhlp.dll
0x00007ffb56ce0000 - 0x00007ffb56d57000 	C:\Windows\System32\fwpuclnt.dll
0x00007ffb66f50000 - 0x00007ffb66f76000 	C:\Windows\System32\bcrypt.dll
0x00007ffb54d90000 - 0x00007ffb54d9a000 	C:\Program Files\Java\jdk-17\bin\management.dll
0x00007ffb54c50000 - 0x00007ffb54c5b000 	C:\Program Files\Java\jdk-17\bin\management_ext.dll
0x00007ffb655d0000 - 0x00007ffb65603000 	C:\Windows\system32\rsaenh.dll
0x00007ffb660c0000 - 0x00007ffb660e5000 	C:\Windows\SYSTEM32\USERENV.dll
0x00007ffb65be0000 - 0x00007ffb65bec000 	C:\Windows\SYSTEM32\CRYPTBASE.dll
0x00007ffb57130000 - 0x00007ffb57146000 	C:\Windows\SYSTEM32\dhcpcsvc6.DLL
0x00007ffb5d3f0000 - 0x00007ffb5d40c000 	C:\Windows\SYSTEM32\dhcpcsvc.DLL
0x00007ffb44e00000 - 0x00007ffb44e16000 	C:\Windows\system32\napinsp.dll
0x00007ffb44de0000 - 0x00007ffb44dfa000 	C:\Windows\system32\pnrpnsp.dll
0x00007ffb44dd0000 - 0x00007ffb44dde000 	C:\Windows\System32\winrnr.dll
0x00007ffb5d960000 - 0x00007ffb5d97c000 	C:\Windows\system32\NLAapi.dll
0x00007ffb44c70000 - 0x00007ffb44c85000 	C:\Windows\system32\wshbth.dll

dbghelp: loaded successfully - version: 4.0.5 - missing functions: none
symbol engine: initialized successfully - sym options: 0x614 - pdb path: .;C:\Program Files\Java\jdk-17\bin;C:\Windows\SYSTEM32;C:\Windows\WinSxS\amd64_microsoft.windows.common-controls_6595b64144ccf1df_6.0.18362.239_none_e6c7aebd130c7608;C:\Program Files\Java\jdk-17\bin\server;C:\Program Files\JetBrains\IntelliJ IDEA 2023.3.4\bin

VM Arguments:
jvm_args: -XX:TieredStopAtLevel=1 -Dspring.output.ansi.enabled=always -Dcom.sun.management.jmxremote -Dspring.jmx.enabled=true -Dspring.liveBeansView.mbeanDomain -Dspring.application.admin.enabled=true -Dmanagement.endpoints.jmx.exposure.include=* -javaagent:C:\Program Files\JetBrains\IntelliJ IDEA 2023.3.4\lib\idea_rt.jar=50852:C:\Program Files\JetBrains\IntelliJ IDEA 2023.3.4\bin -Dfile.encoding=UTF-8 
java_command: com.blog.blogappapis.BlogAppApisApplication
java_class_path (initial): E:\SpringBoot\blog-app-apis\target\classes;C:\Users\Nice\.m2\repository\org\modelmapper\modelmapper\3.1.1\modelmapper-3.1.1.jar;C:\Users\Nice\.m2\repository\org\springframework\boot\spring-boot-starter-data-jpa\3.2.3\spring-boot-starter-data-jpa-3.2.3.jar;C:\Users\Nice\.m2\repository\org\springframework\boot\spring-boot-starter-aop\3.2.3\spring-boot-starter-aop-3.2.3.jar;C:\Users\Nice\.m2\repository\org\springframework\spring-aop\6.1.4\spring-aop-6.1.4.jar;C:\Users\Nice\.m2\repository\org\aspectj\aspectjweaver\1.9.21\aspectjweaver-1.9.21.jar;C:\Users\Nice\.m2\repository\org\springframework\boot\spring-boot-starter-jdbc\3.2.3\spring-boot-starter-jdbc-3.2.3.jar;C:\Users\Nice\.m2\repository\com\zaxxer\HikariCP\5.0.1\HikariCP-5.0.1.jar;C:\Users\Nice\.m2\repository\org\springframework\spring-jdbc\6.1.4\spring-jdbc-6.1.4.jar;C:\Users\Nice\.m2\repository\org\hibernate\orm\hibernate-core\6.4.4.Final\hibernate-core-6.4.4.Final.jar;C:\Users\Nice\.m2\repository\jakarta\persistence\jakarta.persistence-api\3.1.0\jakarta.persistence-api-3.1.0.jar;C:\Users\Nice\.m2\repository\jakarta\transaction\jakarta.transaction-api\2.0.1\jakarta.transaction-api-2.0.1.jar;C:\Users\Nice\.m2\repository\org\jboss\logging\jboss-logging\3.5.3.Final\jboss-logging-3.5.3.Final.jar;C:\Users\Nice\.m2\repository\org\hibernate\common\hibernate-commons-annotations\6.0.6.Final\hibernate-commons-annotations-6.0.6.Final.jar;C:\Users\Nice\.m2\repository\io\smallrye\jandex\3.1.2\jandex-3.1.2.jar;C:\Users\Nice\.m2\repository\com\fasterxml\classmate\1.6.0\classmate-1.6.0.jar;C:\Users\Nice\.m2\repository\net\bytebuddy\byte-buddy\1.14.12\byte-buddy-1.14.12.jar;C:\Users\Nice\.m2\repository\org\glassfish\jaxb\jaxb-runtime\4.0.4\jaxb-runtime-4.0.4.jar;C:\Users\Nice\.m2\repository\org\glassfish\jaxb\jaxb-core\4.0.4\jaxb-core-4.0.4.jar;C:\Users\Nice\.m2\repository\org\eclipse\angus\angus-activation\2.0.1\angus-activation-2.0.1.jar;C:\Users\Nice\.m2\repository\org\glassfish\jaxb\txw2\4.0.4\txw
Launcher Type: SUN_STANDARD

[Global flags]
     intx CICompilerCount                          = 3                                         {product} {ergonomic}
     uint ConcGCThreads                            = 1                                         {product} {ergonomic}
     uint G1ConcRefinementThreads                  = 4                                         {product} {ergonomic}
   size_t G1HeapRegionSize                         = 2097152                                   {product} {ergonomic}
    uintx GCDrainStackTargetSize                   = 64                                        {product} {ergonomic}
   size_t InitialHeapSize                          = 268435456                                 {product} {ergonomic}
     bool ManagementServer                         = true                                      {product} {command line}
   size_t MarkStackSize                            = 4194304                                   {product} {ergonomic}
   size_t MaxHeapSize                              = 4263510016                                {product} {ergonomic}
   size_t MaxNewSize                               = 2556428288                                {product} {ergonomic}
   size_t MinHeapDeltaBytes                        = 2097152                                   {product} {ergonomic}
   size_t MinHeapSize                              = 8388608                                   {product} {ergonomic}
    uintx NonProfiledCodeHeapSize                  = 0                                      {pd product} {ergonomic}
     bool ProfileInterpreter                       = false                                  {pd product} {command line}
    uintx ProfiledCodeHeapSize                     = 0                                      {pd product} {ergonomic}
   size_t SoftMaxHeapSize                          = 4263510016                             {manageable} {ergonomic}
     intx TieredStopAtLevel                        = 1                                         {product} {command line}
     bool UseCompressedClassPointers               = true                           {product lp64_product} {ergonomic}
     bool UseCompressedOops                        = true                           {product lp64_product} {ergonomic}
     bool UseG1GC                                  = true                                      {product} {ergonomic}
     bool UseLargePagesIndividualAllocation        = false                                  {pd product} {ergonomic}

Logging:
Log output configuration:
 #0: stdout all=warning uptime,level,tags
 #1: stderr all=off uptime,level,tags

Environment Variables:
PATH=C:\Program Files\Common Files\Oracle\Java\javapath;C:\Windows\system32;C:\Windows;C:\Windows\System32\Wbem;C:\Windows\System32\WindowsPowerShell\v1.0\;C:\Windows\System32\OpenSSH\;C:\Program Files\MySQL\MySQL Shell 8.0\bin\;C:\Program Files\Java\jdk-17\bin;C:\Program Files\JetBrains\IntelliJ IDEA 2023.3.4\bin;;C:\Users\Nice\AppData\Local\Programs\Microsoft VS Code\bin
USERNAME=Nice
OS=Windows_NT
PROCESSOR_IDENTIFIER=Intel64 Family 6 Model 78 Stepping 3, GenuineIntel



---------------  S Y S T E M  ---------------

OS:
 Windows 10 , 64 bit Build 18362 (10.0.18362.86)
OS uptime: 6 days 7:05 hours

CPU: total 4 (initial active 4) (2 cores per cpu, 2 threads per core) family 6 model 78 stepping 3 microcode 0xf0, cx8, cmov, fxsr, ht, mmx, 3dnowpref, sse, sse2, sse3, ssse3, sse4.1, sse4.2, popcnt, lzcnt, tsc, tscinvbit, avx, avx2, aes, erms, clmul, bmi1, bmi2, rtm, adx, fma, vzeroupper, clflush, clflushopt

Memory: 4k page, system-wide physical 16263M (3325M free)
TotalPageFile size 28685M (AvailPageFile size 3M)
current process WorkingSet (physical memory assigned to process): 94M, peak: 94M
current process commit charge ("private bytes"): 356M, peak: 356M

vm_info: Java HotSpot(TM) 64-Bit Server VM (17.0.10+11-LTS-240) for windows-amd64 JRE (17.0.10+11-LTS-240), built on Dec 19 2023 21:47:25 by "mach5one" with MS VC++ 17.1 (VS2022)

END.
